<?xml version="1.0" encoding="UTF-8"?>
<testsuite name="unittests" time="1">
<testcase classname="test" name="TestCatFiles" time="0.212318"/>
<testcase classname="test" name="TestCodec" time="4.7e-05"/>
<testcase classname="test" name="TestCodecOptimization" time="0.080186"/>
<testcase classname="test" name="TestCommandLineParsing" time="3.8e-05"/>
<testcase classname="test" name="TestConstCodec" time="0.041781"/>
<testcase classname="test" name="TestConstIntegerCodec" time="0.041877"/>
<testcase classname="test" name="TestInMemoryDataHandle" time="5e-05"/>
<testcase classname="test" name="TestInt16_MissingCodec" time="0.041724"/>
<testcase classname="test" name="TestMinMax" time="0.050229"/>
<testcase classname="test" name="TestTextSelect" time="0.001103"/>
<testcase classname="test" name="TestTextSelect2" time="0.000661"/>
<testcase classname="test" name="Test_bitfieldsLength" time="3.8e-05"/>
<testcase classname="test" name="Test_rownumber1" time="0.392272"/>
<testcase classname="test" name="Test_selectAggregatedAndNonAggregated" time="0.056294"/>
<testcase classname="test" name="Test_selectAggregatedAndNonAggregated2" time="0.532872"/>
<testcase classname="test" name="Test_selectAggregatedAndNonAggregated3" time="0.0512"/>
<testcase classname="test" name="Test_selectAggregatedAndNonAggregatedNULL" time="0.091221"/>
<testcase classname="test" name="Test_stringInWhere" time="0.118768"/>
<testcase classname="test" name="Test_vector_syntax" time="0.050026"/>
<testcase classname="test" name="Test_vector_syntax2" time="0.000124"/>
</testsuite>
